[2025-07-07T11:16:35.827] [DEBUG] debug-file - env: nodejsVersion=v18.20.1
[2025-07-07T11:16:40.452] [DEBUG] debug-file - Hvigor init with startParameters:{
  hvigorfileTypeCheck: false,
  parallelExecution: true,
  incrementalExecution: true,
  printStackTrace: false,
  daemon: false,
  analyze: 0,
  logLevel: Level { level: 20000, levelStr: 'INFO', colour: 'green' }
}
[2025-07-07T11:16:40.491] [DEBUG] debug-file - hvigorfile, resolving D:\oylx\APP\HarmonyOS\Project\hvigorfile.ts
[2025-07-07T11:17:00.227] [DEBUG] debug-file - hvigorfile, require result:  { default: { system: [Function: appTasks], plugins: [] } }
[2025-07-07T11:17:00.506] [DEBUG] debug-file - Start initialize project's product build option map with build mode debug.
[2025-07-07T11:17:00.547] [DEBUG] debug-file - Local scan or download hmscore sdk components toolchains,ets,native
[2025-07-07T11:17:00.539] [DEBUG] debug-file - Local scan or download HarmonyOS sdk components toolchains,ets,js,native,previewer
[2025-07-07T11:17:00.516] [DEBUG] debug-file - Product 'default' using build option: {
  "debuggable": true,
  "strictMode": {
    "caseSensitiveCheck": true,
    "useNormalizedOHMUrl": true
  }
} in this build.
[2025-07-07T11:17:00.570] [DEBUG] debug-file - Start recording SDK configuration permission data.
[2025-07-07T11:17:00.618] [DEBUG] debug-file - Sdk init in 88 ms 
[2025-07-07T11:17:00.700] [DEBUG] debug-file - Project task initialization takes 76 ms 
[2025-07-07T11:17:00.722] [DEBUG] debug-file - hvigorfile, resolving D:\oylx\APP\HarmonyOS\Project\entry\hvigorfile.ts
[2025-07-07T11:17:00.759] [DEBUG] debug-file - Start initialize module-target build option map, moduleName=entry, buildMode=debug
[2025-07-07T11:17:00.867] [DEBUG] debug-file - Configuration task cost before running: 20 s 445 ms 
[2025-07-07T11:17:00.774] [DEBUG] debug-file - Module entry task initialization takes 5 ms 
[2025-07-07T11:17:00.780] [DEBUG] debug-file - project has submodules:entry
[2025-07-07T11:17:00.874] [DEBUG] debug-file - Executing task :entry:clean
[2025-07-07T11:17:00.880] [DEBUG] debug-file - entry : clean cost memory 0.35080718994140625
[2025-07-07T11:17:00.909] [DEBUG] debug-file - Module 'entry' target 'default' using build option: {
  "debuggable": true,
  "copyFrom": "default",
  "strictMode": {
    "caseSensitiveCheck": true,
    "useNormalizedOHMUrl": true
  },
  "name": "debug"
} in this build.
[2025-07-07T11:16:35.830] [DEBUG] debug-file - env: hvigor-config.json5 content = {
  modelVersion: '5.0.5',
  dependencies: {},
  execution: {},
  logging: {},
  debugging: {},
  nodeOptions: {}
}
[2025-07-07T11:16:40.454] [DEBUG] debug-file - Since current hvigor version 5.17.3 differs from last hvigor version 
      undefined, delete file-cache.json and task-cache.json.
[2025-07-07T11:17:00.943] [DEBUG] debug-file - Create  resident worker with id: 0.
[2025-07-07T11:17:00.228] [DEBUG] debug-file - hvigorfile, binding system plugins [Function: appTasks]
[2025-07-07T11:17:00.506] [DEBUG] debug-file - Picking option from product 'default' with build mode 'debug'.
[2025-07-07T11:17:00.528] [DEBUG] debug-file - No signingConfig found, initRemoteHspCache failed.
[2025-07-07T11:17:00.700] [DEBUG] debug-file - hvigorfile, binding custom plugins []
[2025-07-07T11:17:00.734] [DEBUG] debug-file - hvigorfile, require result:  { default: { system: [Function: hapTasks], plugins: [] } }
[2025-07-07T11:17:00.760] [DEBUG] debug-file - Target 'default' config: {}
[2025-07-07T11:17:00.774] [DEBUG] debug-file - hvigorfile, binding custom plugins []
[2025-07-07T11:17:00.783] [DEBUG] debug-file - start to load updatedOhPackageInfo to the disk
[2025-07-07T11:17:00.874] [DEBUG] debug-file - clean: Worker pool is inactive.
[2025-07-07T11:17:00.880] [DEBUG] debug-file - runTaskFromQueue task cost before running: 20 s 458 ms 
[2025-07-07T11:17:00.917] [DEBUG] debug-file - Module 'entry' target 'ohosTest' using build option: {
  "debuggable": true,
  "strictMode": {
    "caseSensitiveCheck": true,
    "useNormalizedOHMUrl": true
  },
  "name": "default"
} in this build.
[2025-07-07T11:16:35.833] [DEBUG] debug-file - env: daemon=false
[2025-07-07T11:16:40.455] [DEBUG] debug-file - Cache service initialization finished in 3 ms 
[2025-07-07T11:17:00.947] [DEBUG] debug-file - Create  resident worker with id: 1.
[2025-07-07T11:17:00.506] [DEBUG] debug-file - Product 'default' build option: {}
[2025-07-07T11:17:00.700] [DEBUG] debug-file - hvigorfile, no custom plugins were found in D:\oylx\APP\HarmonyOS\Project\hvigorfile.ts
[2025-07-07T11:17:00.734] [DEBUG] debug-file - hvigorfile, binding system plugins [Function: hapTasks]
[2025-07-07T11:17:00.760] [DEBUG] debug-file - Target 'ohosTest' config: {}
[2025-07-07T11:17:00.774] [DEBUG] debug-file - hvigorfile, no custom plugins were found in D:\oylx\APP\HarmonyOS\Project\entry\hvigorfile.ts
[2025-07-07T11:17:00.789] [DEBUG] debug-file - load to the disk finished
[2025-07-07T11:17:00.881] [INFO] debug-file - Finished :entry:clean... after 7 ms 
[2025-07-07T11:17:00.938] [DEBUG] debug-file - Since there is no instance or instance is terminated, create a new worker pool.
[2025-07-07T11:16:35.833] [DEBUG] debug-file - no-daemon, use the parent process.execArgv --max-old-space-size=8192,--expose-gc
[2025-07-07T11:17:00.952] [DEBUG] debug-file - Current worker pool is stopped or closed.
[2025-07-07T11:17:00.506] [DEBUG] debug-file - End initialize project's product build option map with build mode 'debug'.
[2025-07-07T11:17:00.700] [DEBUG] debug-file - hvigorfile, resolve finished D:\oylx\APP\HarmonyOS\Project\hvigorfile.ts
[2025-07-07T11:17:00.761] [DEBUG] debug-file - Module 'entry' target 'default' build option: {
  "debuggable": true,
  "copyFrom": "default",
  "strictMode": {
    "caseSensitiveCheck": true,
    "useNormalizedOHMUrl": true
  },
  "name": "debug"
}
[2025-07-07T11:17:00.774] [DEBUG] debug-file - hvigorfile, resolve finished D:\oylx\APP\HarmonyOS\Project\entry\hvigorfile.ts
[2025-07-07T11:17:00.791] [DEBUG] debug-file - Start to initialize dependency information.
[2025-07-07T11:17:00.882] [DEBUG] debug-file - Executing task ::clean
[2025-07-07T11:17:00.939] [DEBUG] debug-file - Worker pool is initialized with config:  {
  minPoolNum: 2,
  maxPoolNum: undefined,
  maxCoreSize: undefined,
  cacheCapacity: undefined,
  cacheTtl: undefined
}
[2025-07-07T11:17:00.952] [DEBUG] debug-file - Clear worker 0.
[2025-07-07T11:17:00.761] [DEBUG] debug-file - Module 'entry' target 'ohosTest' build option: {
  "debuggable": true,
  "strictMode": {
    "caseSensitiveCheck": true,
    "useNormalizedOHMUrl": true
  },
  "name": "default"
}
[2025-07-07T11:17:00.847] [DEBUG] debug-file - Module Project Collected Dependency: 
[2025-07-07T11:17:00.882] [DEBUG] debug-file - clean: Worker pool is inactive.
[2025-07-07T11:17:00.953] [DEBUG] debug-file - Worker 0 has been cleared.
[2025-07-07T11:17:00.761] [DEBUG] debug-file - End initialize module-target build option map, moduleName=entry
[2025-07-07T11:17:00.847] [DEBUG] debug-file - Module Project's total dependency: 0
[2025-07-07T11:17:00.883] [DEBUG] debug-file - Project : clean cost memory 0.0310516357421875
[2025-07-07T11:17:00.953] [DEBUG] debug-file - Current idle worker size: 1.
[2025-07-07T11:17:00.761] [DEBUG] debug-file - Module 'entry' target 'default' using build option: {
  "debuggable": true,
  "copyFrom": "default",
  "strictMode": {
    "caseSensitiveCheck": true,
    "useNormalizedOHMUrl": true
  },
  "name": "debug"
} in this build.
[2025-07-07T11:17:00.848] [DEBUG] debug-file - Start to initialize dependency information.
[2025-07-07T11:17:00.953] [DEBUG] debug-file - Current busy worker size: 0.
[2025-07-07T11:17:00.883] [DEBUG] debug-file - runTaskFromQueue task cost before running: 20 s 461 ms 
[2025-07-07T11:17:00.855] [DEBUG] debug-file - Module entry Collected Dependency: 
[2025-07-07T11:17:00.953] [DEBUG] debug-file - Clear worker 1.
[2025-07-07T11:17:00.884] [INFO] debug-file - Finished ::clean... after 2 ms 
[2025-07-07T11:17:00.855] [DEBUG] debug-file - Module entry's total dependency: 0
[2025-07-07T11:17:00.953] [DEBUG] debug-file - Worker 1 has been cleared.
[2025-07-07T11:17:00.884] [DEBUG] debug-file - Executing task :entry:init
[2025-07-07T11:17:00.884] [DEBUG] debug-file - entry : init cost memory 0.01021575927734375
[2025-07-07T11:17:00.862] [DEBUG] debug-file - Configuration phase cost:20 s 393 ms 
[2025-07-07T11:17:00.953] [DEBUG] debug-file - Current idle worker size: 0.
[2025-07-07T11:17:00.884] [DEBUG] debug-file - runTaskFromQueue task cost before running: 20 s 462 ms 
[2025-07-07T11:17:00.953] [DEBUG] debug-file - Current busy worker size: 0.
[2025-07-07T11:17:00.884] [INFO] debug-file - Finished :entry:init... after 1 ms 
[2025-07-07T11:17:00.955] [DEBUG] debug-file - hvigor build process will be closed.
[2025-07-07T11:17:00.885] [DEBUG] debug-file - Executing task ::init
[2025-07-07T11:17:00.964] [DEBUG] debug-file - worker[0] exits with exit code 0.
[2025-07-07T11:17:00.885] [DEBUG] debug-file - Project : init cost memory 0.0090179443359375
[2025-07-07T11:17:00.972] [DEBUG] debug-file - worker[1] exits with exit code 0.
[2025-07-07T11:17:00.885] [DEBUG] debug-file - runTaskFromQueue task cost before running: 20 s 463 ms 
[2025-07-07T11:17:00.973] [DEBUG] debug-file - Current worker pool is terminated.
[2025-07-07T11:17:00.885] [INFO] debug-file - Finished ::init... after 1 ms 
